<?xml version="1.0" encoding="UTF-8"?>
<testng-results ignored="0" total="2" passed="2" failed="0" skipped="0">
  <reporter-output>
  </reporter-output>
  <suite started-at="2025-09-22T22:39:27 AST" name="Default suite" finished-at="2025-09-22T22:39:34 AST" duration-ms="6339">
    <groups>
    </groups>
    <test started-at="2025-09-22T22:39:27 AST" name="Default test" finished-at="2025-09-22T22:39:34 AST" duration-ms="6339">
      <class name="swaglab.AddRandomItem">
        <test-method is-config="true" signature="mysetup()[pri:0, instance:swaglab.AddRandomItem@5b068087]" started-at="2025-09-22T22:39:27 AST" name="mysetup" finished-at="2025-09-22T22:39:33 AST" duration-ms="5767" status="PASS">
          <reporter-output>
          </reporter-output>
        </test-method> <!-- mysetup -->
        <test-method signature="Login()[pri:1, instance:swaglab.AddRandomItem@5b068087]" started-at="2025-09-22T22:39:33 AST" name="Login" finished-at="2025-09-22T22:39:33 AST" duration-ms="419" status="PASS">
          <reporter-output>
          </reporter-output>
        </test-method> <!-- Login -->
        <test-method signature="AddRandItem()[pri:2, instance:swaglab.AddRandomItem@5b068087]" started-at="2025-09-22T22:39:33 AST" name="AddRandItem" finished-at="2025-09-22T22:39:34 AST" duration-ms="110" status="PASS">
          <reporter-output>
          </reporter-output>
        </test-method> <!-- AddRandItem -->
      </class> <!-- swaglab.AddRandomItem -->
    </test> <!-- Default test -->
  </suite> <!-- Default suite -->
</testng-results>
